Using pre-set license
Built from '2020.3/release' branch; Version is '2020.3.7f1 (dd97f2c94397) revision 14522354'; Using compiler version '192528614'; Build Type 'Release'
OS: 'Windows 10 Pro; OS build 22631.4317; Version 2009; 64bit' Language: 'en' Physical Memory: 7874 MB
BatchMode: 1, IsHumanControllingUs: 0, StartBugReporterOnCrash: 0, Is64bit: 1, IsPro: 0

 COMMAND LINE ARGUMENTS:
C:\Program Files\Unity\Hub\Editor\2020.3.7f1\Editor\Unity.exe
-adb2
-batchMode
-noUpm
-name
AssetImportWorker0
-projectPath
C:/Users/ad/OneDrive/Máy tính/project/CatEscape
-logFile
Logs/AssetImportWorker0.log
-srvPort
61428
Successfully changed project path to: C:/Users/ad/OneDrive/Máy tính/project/CatEscape
C:/Users/ad/OneDrive/Máy tính/project/CatEscape
Using Asset Import Pipeline V2.
Refreshing native plugins compatible for Editor in 59.59 ms, found 3 plugins.
Preloading 0 native plugins for Editor in 0.00 ms.
Initialize engine version: 2020.3.7f1 (dd97f2c94397)
[Subsystems] Discovering subsystems at path C:/Program Files/Unity/Hub/Editor/2020.3.7f1/Editor/Data/Resources/UnitySubsystems
[Subsystems] Discovering subsystems at path C:/Users/ad/OneDrive/Máy tính/project/CatEscape/Assets
GfxDevice: creating device client; threaded=0
Direct3D:
    Version:  Direct3D 11.0 [level 11.1]
    Renderer: Intel(R) Iris(R) Xe Graphics (ID=0x9a49)
    Vendor:   
    VRAM:     3937 MB
    Driver:   30.0.101.3111
Initialize mono
Mono path[0] = 'C:/Program Files/Unity/Hub/Editor/2020.3.7f1/Editor/Data/Managed'
Mono path[1] = 'C:/Program Files/Unity/Hub/Editor/2020.3.7f1/Editor/Data/MonoBleedingEdge/lib/mono/unityjit'
Mono config path = 'C:/Program Files/Unity/Hub/Editor/2020.3.7f1/Editor/Data/MonoBleedingEdge/etc'
Using monoOptions --debugger-agent=transport=dt_socket,embedding=1,server=y,suspend=n,address=127.0.0.1:56004
Begin MonoManager ReloadAssembly
Registering precompiled unity dll's ...
Register platform support module: C:/Program Files/Unity/Hub/Editor/2020.3.7f1/Editor/Data/PlaybackEngines/WindowsStandaloneSupport/UnityEditor.WindowsStandalone.Extensions.dll
Registered in 0.005485 seconds.
Native extension for WindowsStandalone target not found
Refreshing native plugins compatible for Editor in 44.83 ms, found 3 plugins.
Preloading 0 native plugins for Editor in 0.00 ms.
Mono: successfully reloaded assembly
- Completed reload, in  3.764 seconds
Platform modules already initialized, skipping
Registering precompiled user dll's ...
Registered in 0.018883 seconds.
Begin MonoManager ReloadAssembly
Native extension for WindowsStandalone target not found
Refreshing native plugins compatible for Editor in 0.54 ms, found 3 plugins.
Preloading 0 native plugins for Editor in 0.00 ms.
Mono: successfully reloaded assembly
- Completed reload, in  1.433 seconds
Platform modules already initialized, skipping
========================================================================
Worker process is ready to serve import requests
Launched and connected shader compiler UnityShaderCompiler.exe after 0.16 seconds
Refreshing native plugins compatible for Editor in 0.51 ms, found 3 plugins.
Preloading 0 native plugins for Editor in 0.00 ms.
Unloading 2343 Unused Serialized files (Serialized files now loaded: 0)
System memory in use before: 107.7 MB.
System memory in use after: 107.9 MB.

Unloading 32 unused Assets to reduce memory usage. Loaded Objects now: 2769.
Total: 4.092300 ms (FindLiveObjects: 0.692700 ms CreateObjectMapping: 0.248200 ms MarkObjects: 3.064300 ms  DeleteObjects: 0.085100 ms)

========================================================================
Received Import Request.
  path: Assets/RButton.png
  artifactKey: Guid(b5a863ef6d2f82142bde5e42eb813a93) Importer(815301076,1909f56bfc062723c751e8b465ee728b)
Start importing Assets/RButton.png using Guid(b5a863ef6d2f82142bde5e42eb813a93) Importer(815301076,1909f56bfc062723c751e8b465ee728b)  -> (artifact id: '75a863da0daf96908455a0040f25508e') in 0.125179 seconds
  Import took 0.129803 seconds .

========================================================================
Received Import Request.
  Time since last request: 0.000518 seconds.
  path: Assets/arrow.png
  artifactKey: Guid(cacd3537065f36641bd52e49625b9afe) Importer(815301076,1909f56bfc062723c751e8b465ee728b)
Start importing Assets/arrow.png using Guid(cacd3537065f36641bd52e49625b9afe) Importer(815301076,1909f56bfc062723c751e8b465ee728b)  -> (artifact id: '78363ff3a38690aef1cb03ccc60a1889') in 0.021292 seconds
  Import took 0.026503 seconds .

========================================================================
Received Import Request.
  Time since last request: 0.000318 seconds.
  path: Assets/hp_gauge.png
  artifactKey: Guid(f800b211bbf3f1f418ffa109fa3491b3) Importer(815301076,1909f56bfc062723c751e8b465ee728b)
Start importing Assets/hp_gauge.png using Guid(f800b211bbf3f1f418ffa109fa3491b3) Importer(815301076,1909f56bfc062723c751e8b465ee728b)  -> (artifact id: 'cf5f364f97e74d77e6be81d7d623cf04') in 0.018273 seconds
  Import took 0.024144 seconds .

========================================================================
Received Import Request.
  Time since last request: 0.000577 seconds.
  path: Assets/arrow.png
  artifactKey: Guid(cacd3537065f36641bd52e49625b9afe) Importer(815301076,1909f56bfc062723c751e8b465ee728b)
Start importing Assets/arrow.png using Guid(cacd3537065f36641bd52e49625b9afe) Importer(815301076,1909f56bfc062723c751e8b465ee728b)  -> (artifact id: '78363ff3a38690aef1cb03ccc60a1889') in 0.014905 seconds
  Import took 0.021316 seconds .

========================================================================
Received Import Request.
  Time since last request: 0.000279 seconds.
  path: Assets/arrowPrefab.prefab
  artifactKey: Guid(cdd9064bdd5ff8b4a80f02ddf31ef1d9) Importer(815301076,1909f56bfc062723c751e8b465ee728b)
Start importing Assets/arrowPrefab.prefab using Guid(cdd9064bdd5ff8b4a80f02ddf31ef1d9) Importer(815301076,1909f56bfc062723c751e8b465ee728b)  -> (artifact id: 'eb97232ac0e80a461851b92536c981d3') in 0.095642 seconds
  Import took 0.099803 seconds .

========================================================================
Received Import Request.
  Time since last request: 0.000275 seconds.
  path: Assets/player.png
  artifactKey: Guid(787af1dc925693b4c95f5b6f6e85007b) Importer(815301076,1909f56bfc062723c751e8b465ee728b)
Start importing Assets/player.png using Guid(787af1dc925693b4c95f5b6f6e85007b) Importer(815301076,1909f56bfc062723c751e8b465ee728b)  -> (artifact id: '0f3e0a1da5b0d1329a5b18e4a7fbba18') in 0.020517 seconds
  Import took 0.025281 seconds .

========================================================================
Received Import Request.
  Time since last request: 0.000445 seconds.
  path: Assets/LButton.png
  artifactKey: Guid(98ef5c84bd0866749b6552b83905b42b) Importer(815301076,1909f56bfc062723c751e8b465ee728b)
Start importing Assets/LButton.png using Guid(98ef5c84bd0866749b6552b83905b42b) Importer(815301076,1909f56bfc062723c751e8b465ee728b)  -> (artifact id: '1f7692e0e1c8ae157da999f32612a119') in 0.019856 seconds
  Import took 0.026395 seconds .

========================================================================
Received Import Request.
  Time since last request: 0.000330 seconds.
  path: Assets/background.png
  artifactKey: Guid(3f672fccd4a4e3b4796ec98f2ae07cef) Importer(815301076,1909f56bfc062723c751e8b465ee728b)
Start importing Assets/background.png using Guid(3f672fccd4a4e3b4796ec98f2ae07cef) Importer(815301076,1909f56bfc062723c751e8b465ee728b)  -> (artifact id: '7f7c49e51d34b52a9914e30f1e04cc0c') in 0.028740 seconds
  Import took 0.033944 seconds .

========================================================================
Received Import Request.
  Time since last request: 0.494871 seconds.
  path: Assets/Scenes
  artifactKey: Guid(8b97ccfa9c5bff9459ca8ce88956284e) Importer(815301076,1909f56bfc062723c751e8b465ee728b)
Start importing Assets/Scenes using Guid(8b97ccfa9c5bff9459ca8ce88956284e) Importer(815301076,1909f56bfc062723c751e8b465ee728b)  -> (artifact id: '0ef279d7079fd21bbf8c29c2f8d077ed') in 0.030521 seconds
  Import took 0.082430 seconds .

========================================================================
Received Import Request.
  Time since last request: 1.562122 seconds.
  path: Assets/Scenes/SampleScene.unity
  artifactKey: Guid(2cda990e2423bbf4892e6590ba056729) Importer(815301076,1909f56bfc062723c751e8b465ee728b)
Start importing Assets/Scenes/SampleScene.unity using Guid(2cda990e2423bbf4892e6590ba056729) Importer(815301076,1909f56bfc062723c751e8b465ee728b)  -> (artifact id: '3dced07946141a818ed93299133b55e1') in 0.030462 seconds
  Import took 0.058463 seconds .

========================================================================
Received Import Request.
  Time since last request: 64.862725 seconds.
  path: Assets/GameScenes.unity
  artifactKey: Guid(347c609f589d827468a0e71a7b24370b) Importer(815301076,1909f56bfc062723c751e8b465ee728b)
Start importing Assets/GameScenes.unity using Guid(347c609f589d827468a0e71a7b24370b) Importer(815301076,1909f56bfc062723c751e8b465ee728b)  -> (artifact id: 'e1b40c6cc27d255db3300a1e219d2977') in 0.013646 seconds
  Import took 0.021833 seconds .

========================================================================
Received Import Request.
  Time since last request: 0.015328 seconds.
  path: Assets/GameScenes.unity
  artifactKey: Guid(347c609f589d827468a0e71a7b24370b) Importer(815301076,1909f56bfc062723c751e8b465ee728b)
Start importing Assets/GameScenes.unity using Guid(347c609f589d827468a0e71a7b24370b) Importer(815301076,1909f56bfc062723c751e8b465ee728b)  -> (artifact id: 'e1b40c6cc27d255db3300a1e219d2977') in 0.003386 seconds
  Import took 0.009597 seconds .

